Terminated: 15
Terminated: 15
Terminated: 15
Terminated: 15
Terminated: 15
Terminated: 15
Terminated: 15
Terminated: 15
Terminated: 15
Terminated: 15
Terminated: 15
Terminated: 15
Terminated: 15
Terminated: 15
Terminated: 15
Terminated: 15
Terminated: 15
Terminated: 15
Terminated: 15
Terminated: 15
Terminated: 15
Terminated: 15
Terminated: 15
Terminated: 15
Terminated: 15
Terminated: 15
Terminated: 15
Terminated: 15
Terminated: 15
Terminated: 15
Terminated: 15
Terminated: 15
Terminated: 15
Terminated: 15
Terminated: 15
Terminated: 15
Terminated: 15
Terminated: 15
Terminated: 15
Terminated: 15
Terminated: 15
Terminated: 15
Terminated: 15
Terminated: 15
Terminated: 15
Terminated: 15
Terminated: 15
Terminated: 15
Terminated: 15
Terminated: 15
Terminated: 15
Terminated: 15
Terminated: 15
Terminated: 15
Terminated: 15
Terminated: 15
Terminated: 15
Terminated: 15
Terminated: 15
Terminated: 15
Terminated: 15
Terminated: 15
Terminated: 15
Terminated: 15
Terminated: 15
